=== RUN   TestMixedDeadlock_DoubleCS_Recv_2
--- PASS: TestMixedDeadlock_DoubleCS_Recv_2 (0.06s)
PASS
ok  	mixed_deadlock	0.062s
FileName:  /home/ilian/Projects/ADVOCATE/GoAdvocateTesting/Examples/Simple/MixedDeadlock/TwoCycleMixedDeadlock_test.go
TestName:  TestMixedDeadlock_DoubleCS_Recv_2
Import added at line: 27
Header added at line: 558
Header added at file: /home/ilian/Projects/ADVOCATE/GoAdvocateTesting/Examples/Simple/MixedDeadlock/TwoCycleMixedDeadlock_test.go
go version go1.25.0 linux/amd64
=== RUN   TestMixedDeadlock_DoubleCS_Recv_2
--- PASS: TestMixedDeadlock_DoubleCS_Recv_2 (1.06s)
PASS
ok  	mixed_deadlock	1.065s
[rewriteMixedDeadlock] reversed acquire order for mutex 2000000001: 3<->2
Bugreport info: 0_1,suc
FileName:  /home/ilian/Projects/ADVOCATE/GoAdvocateTesting/Examples/Simple/MixedDeadlock/TwoCycleMixedDeadlock_test.go
TestName:  TestMixedDeadlock_DoubleCS_Recv_2
Import added at line: 27
Header added at line: 558
Header added at file: /home/ilian/Projects/ADVOCATE/GoAdvocateTesting/Examples/Simple/MixedDeadlock/TwoCycleMixedDeadlock_test.go
=== RUN   TestMixedDeadlock_DoubleCS_Recv_2
Reading trace from rewrittenTrace_1
Found ReplayEnd Marker with exit code 42
signal: interrupt
FAIL	mixed_deadlock	0.497s
